Crashlog created at 2021-04-13 13:06:25 +0300

===== MESSAGE:

RuntimeError: The Nanoc::Helpers::XMLSitemap helper requires the site configuration to specify the base URL for the site.

===== ITEM BEING COMPILED:

Current item: /sitemap.xml (:default representation)

===== STACK TRACE:

  0. /home/dmitry/.rvm/gems/ruby-2.5.3/gems/nanoc-4.12.1/lib/nanoc/helpers/xml_sitemap.rb:23:in `xml_sitemap'
  1. item /sitemap.xml (rep default):1:in `block in render'
  2. /home/dmitry/.rvm/gems/ruby-2.5.3/gems/haml-5.0.4/lib/haml/engine.rb:126:in `eval'
  3. /home/dmitry/.rvm/gems/ruby-2.5.3/gems/haml-5.0.4/lib/haml/engine.rb:126:in `render'
  4. /home/dmitry/.rvm/gems/ruby-2.5.3/gems/nanoc-4.12.1/lib/nanoc/filters/haml.rb:25:in `run'
  5. /home/dmitry/.rvm/gems/ruby-2.5.3/gems/nanoc-core-4.12.1/lib/nanoc/core/filter.rb:188:in `setup_and_run'
  6. /home/dmitry/.rvm/gems/ruby-2.5.3/gems/nanoc-core-4.12.1/lib/nanoc/core/executor.rb:22:in `filter'
  7. /home/dmitry/.rvm/gems/ruby-2.5.3/gems/nanoc-core-4.12.1/lib/nanoc/core/compilation_phases/recalculate.rb:32:in `block in run'
  8. /home/dmitry/.rvm/gems/ruby-2.5.3/gems/nanoc-core-4.12.1/lib/nanoc/core/action_sequence.rb:49:in `block in each'
  9. /home/dmitry/.rvm/gems/ruby-2.5.3/gems/nanoc-core-4.12.1/lib/nanoc/core/action_sequence.rb:49:in `each'
  10. /home/dmitry/.rvm/gems/ruby-2.5.3/gems/nanoc-core-4.12.1/lib/nanoc/core/action_sequence.rb:49:in `each'
  11. /home/dmitry/.rvm/gems/ruby-2.5.3/gems/nanoc-core-4.12.1/lib/nanoc/core/compilation_phases/recalculate.rb:29:in `run'
  12. /home/dmitry/.rvm/gems/ruby-2.5.3/gems/nanoc-core-4.12.1/lib/nanoc/core/compilation_phases/abstract.rb:23:in `call'
  13. /home/dmitry/.rvm/gems/ruby-2.5.3/gems/nanoc-core-4.12.1/lib/nanoc/core/compilation_phases/abstract.rb:25:in `block in call'
  14. /home/dmitry/.rvm/gems/ruby-2.5.3/gems/nanoc-core-4.12.1/lib/nanoc/core/compilation_phases/cache.rb:25:in `run'
  15. /home/dmitry/.rvm/gems/ruby-2.5.3/gems/nanoc-core-4.12.1/lib/nanoc/core/compilation_phases/abstract.rb:23:in `call'
  16. /home/dmitry/.rvm/gems/ruby-2.5.3/gems/nanoc-core-4.12.1/lib/nanoc/core/compilation_phases/abstract.rb:25:in `block in call'
  17. /home/dmitry/.rvm/gems/ruby-2.5.3/gems/nanoc-core-4.12.1/lib/nanoc/core/compilation_phases/resume.rb:14:in `block in run'

===== VERSION INFORMATION:

Nanoc 4.12.1 © 2007–2021 Denis Defreyne.
Running ruby 2.5.3 (2018-10-18) on x86_64-linux with RubyGems 2.7.8.

===== SYSTEM INFORMATION:

Linux teufel.z21 5.11.11-1-default #1 SMP Tue Mar 30 17:57:52 UTC 2021 (dbc4a02) x86_64 x86_64 x86_64 GNU/Linux

===== INSTALLED GEMS:

  activemodel 6.0.0
  activesupport 4.2.10, 4.2.11.1, 5.2.4.4, 6.0.0, 6.0.1, 6.0.2.1, 6.0.3.1, 6.0.3.2, 6.0.3.3, 6.0.3.4, 6.0.3.5, 6.0.3.6
  addressable 2.5.2, 2.6.0, 2.7.0
  adsf 1.4.1
  ast 2.4.0
  aws-eventstream 1.0.3
  aws-sdk 2.11.87, 2.11.345
  aws-sdk-core 2.11.87, 2.11.345
  aws-sdk-resources 2.11.87, 2.11.345
  aws-sigv4 1.0.3, 1.1.0
  backports 3.11.4
  bigdecimal 1.3.4
  bson 4.2.2, 4.4.2
  buftok 0.2.0
  builder 3.2.3
  bundler 1.16.6
  bundler-unload 1.0.2
  chunky_png 1.3.11
  climate_control 0.2.0
  cmath 1.0.0
  cocaine 0.6.0
  coderay 1.1.3
  coffee-script 2.4.1
  coffee-script-source 1.11.1
  color 1.8
  colorator 1.1.0
  colored 1.2
  commonmarker 0.17.13
  concurrent-ruby 1.1.3, 1.1.4, 1.1.5, 1.1.6, 1.1.7, 1.1.8
  configure-s3-website 2.3.0
  cri 2.15.3
  csv 1.0.0
  date 1.0.0
  dbm 1.0.0
  ddmemoize 1.0.0
  ddmetrics 1.0.1
  ddplugin 1.0.2
  deep_merge 1.0.1
  did_you_mean 1.2.0
  diff-lcs 1.3
  dnsruby 1.61.2, 1.61.3, 1.61.4, 1.61.5
  domain_name 0.5.20180417, 0.5.20190701
  dotenv 1.0.2
  elasticsearch 6.1.0
  elasticsearch-api 6.1.0
  elasticsearch-transport 6.1.0
  em-websocket 0.5.1, 0.5.2
  equalizer 0.0.11
  equatable 0.6.1
  etc 1.0.0
  ethon 0.11.0, 0.12.0
  eventmachine 1.2.7
  execjs 2.7.0
  executable-hooks 1.6.0
  faraday 0.15.3, 0.15.4, 0.16.2, 0.17.0, 0.17.1, 1.0.0, 1.0.1, 1.3.0
  faraday-net_http 1.0.1
  faraday_middleware 0.13.1, 1.0.0
  faraday_middleware-multi_json 0.0.6
  fcntl 1.0.0
  ffi 1.9.25, 1.10.0, 1.11.1, 1.11.3, 1.12.1, 1.12.2, 1.13.1, 1.14.2, 1.15.0
  fiddle 1.0.0
  fileutils 1.0.2
  forwardable-extended 2.6.0
  gdbm 2.0.0
  gem-wrappers 1.4.0
  gemoji 3.0.0, 3.0.1
  geokit 1.13.1
  gh 0.18.0
  github-pages 193, 195, 196, 197, 198, 200, 201, 202, 203, 204, 205, 206, 207, 208, 209, 210, 211, 212, 213, 214
  github-pages-health-check 1.8.1, 1.16.0, 1.16.1, 1.17.0
  haml 5.0.4
  haml_lint 0.28.0
  hamster 3.0.0
  highline 2.0.3
  html-pipeline 2.9.1, 2.10.0, 2.11.0, 2.12.0, 2.12.2, 2.12.3, 2.13.0, 2.14.0
  htmlentities 4.3.4
  http 3.3.0
  http-cookie 1.0.3
  http-form_data 2.1.1
  http_parser.rb 0.6.0
  httpclient 2.8.3
  i18n 0.9.5, 1.6.0
  io-console 0.4.6
  ipaddr 1.2.0
  jaro_winkler 1.5.2
  jekyll 3.7.4, 3.8.5, 3.8.7, 3.9.0
  jekyll-avatar 0.6.0, 0.7.0
  jekyll-coffeescript 1.1.1
  jekyll-commonmark 1.2.0, 1.3.1
  jekyll-commonmark-ghpages 0.1.5, 0.1.6
  jekyll-default-layout 0.1.4
  jekyll-feed 0.11.0, 0.13.0, 0.15.0, 0.15.1
  jekyll-gist 1.5.0
  jekyll-github-metadata 2.9.4, 2.12.1, 2.13.0
  jekyll-mentions 1.4.1, 1.5.1, 1.6.0
  jekyll-optional-front-matter 0.3.0, 0.3.2
  jekyll-paginate 1.1.0
  jekyll-readme-index 0.2.0, 0.3.0
  jekyll-redirect-from 0.14.0, 0.15.0, 0.16.0
  jekyll-relative-links 0.5.3, 0.6.0, 0.6.1
  jekyll-remote-theme 0.3.1, 0.4.0, 0.4.1, 0.4.2, 0.4.3
  jekyll-sass-converter 1.5.2
  jekyll-seo-tag 2.5.0, 2.6.1, 2.7.1
  jekyll-sitemap 1.2.0, 1.4.0
  jekyll-swiss 0.4.0, 1.0.0
  jekyll-theme-architect 0.1.1
  jekyll-theme-cayman 0.1.1
  jekyll-theme-dinky 0.1.1
  jekyll-theme-hacker 0.1.1, 0.1.2
  jekyll-theme-leap-day 0.1.1
  jekyll-theme-merlot 0.1.1
  jekyll-theme-midnight 0.1.1
  jekyll-theme-minimal 0.1.1
  jekyll-theme-modernist 0.1.1
  jekyll-theme-primer 0.5.3, 0.5.4
  jekyll-theme-slate 0.1.1
  jekyll-theme-tactile 0.1.1
  jekyll-theme-time-machine 0.1.1
  jekyll-titles-from-headings 0.5.1, 0.5.3
  jekyll-watch 2.1.2, 2.2.1
  jemoji 0.10.1, 0.10.2, 0.11.1, 0.12.0
  jmespath 1.4.0
  json 2.1.0, 2.2.0
  json_pure 2.3.1
  json_schema 0.20.1
  kramdown 1.17.0, 2.0.0, 2.3.0, 2.3.1
  kramdown-parser-gfm 1.1.0
  launchy 2.4.3
  levenshtein-ffi 1.1.0
  liquid 4.0.0, 4.0.3
  listen 3.1.5, 3.2.0, 3.2.1, 3.4.1, 3.5.0, 3.5.1
  mechanize 2.8.0
  memoizable 0.4.2
  mercenary 0.3.6
  method_source 1.0.0
  mime-types 3.3.1
  mime-types-data 3.2021.0225
  mini_portile2 2.3.0, 2.4.0, 2.5.0
  minima 2.5.0, 2.5.1
  minitest 5.10.3, 5.11.3, 5.12.2, 5.13.0, 5.14.0, 5.14.1, 5.14.2, 5.14.3, 5.14.4
  miro 0.4.0
  mongo 2.4.0
  multi_json 1.13.1
  multipart-post 2.0.0, 2.1.1
  mustermann 1.0.3
  nanoc 4.11.0, 4.11.11, 4.11.15, 4.12.1
  nanoc-checking 1.0.0
  nanoc-cli 4.11.15, 4.12.1
  nanoc-core 4.11.11, 4.11.15, 4.12.1
  nanoc-deploying 1.0.0
  naught 1.1.0
  neo4j 9.6.0
  neo4j-core 9.0.0
  neo4j-rake_tasks 0.7.19
  net-http-digest_auth 1.4.1
  net-http-persistent 2.9.4
  net-http-pipeline 1.0.1
  net-telnet 0.1.1
  net_tcp_client 2.2.0
  nokogiri 1.8.5, 1.10.1, 1.10.3, 1.10.4, 1.10.7, 1.10.9, 1.10.10, 1.11.1, 1.11.2
  oauth 0.5.4
  octokit 4.13.0, 4.14.0, 4.15.0, 4.18.0, 4.20.0
  oily_png 1.2.1
  openssl 2.1.2
  orm_adapter 0.5.0
  os 1.0.1
  parallel 1.13.0
  parser 2.6.0.0
  pastel 0.7.3
  pathutil 0.16.2
  pg 1.1.4
  power_assert 1.1.1
  powerpack 0.1.2
  pry 0.14.0
  psych 3.0.2
  public_suffix 2.0.5, 3.0.3, 3.1.1, 4.0.6
  pusher-client 0.6.2
  racc 1.5.2
  rack 2.0.6
  rack-protection 2.0.5
  rainbow 3.0.0
  rake 12.3.0, 12.3.3
  rb-fsevent 0.10.3, 0.10.4
  rb-inotify 0.9.10, 0.10.0, 0.10.1
  rdoc 6.0.1
  ref 2.0.0
  retryable 2.0.4
  rexml 3.2.4
  rice 2.1.3
  roo 2.8.3
  roo-xls 1.2.0
  rouge 2.2.1, 3.11.0, 3.13.0, 3.19.0, 3.23.0, 3.26.0
  rubocop 0.63.1
  ruby-enum 0.7.2, 0.8.0, 0.9.0
  ruby-ole 1.2.12.2
  ruby-progressbar 1.10.0, 1.10.1
  ruby2_keywords 0.0.4
  ruby_dep 1.5.0
  rubygems-bundler 1.4.5
  rubyntlm 0.6.3
  rubypants 0.7.0
  rubyzip 1.2.2, 1.2.3, 2.0.0, 2.3.0
  rvm 1.11.3.9
  s3_website 3.4.0
  safe_yaml 1.0.4, 1.0.5
  sass 3.7.2, 3.7.3, 3.7.4
  sass-listen 4.0.0
  sawyer 0.8.1, 0.8.2
  scanf 1.0.0
  sdbm 1.0.0
  simple_oauth 0.3.1
  simpleidn 0.1.1, 0.2.1
  sinatra 2.0.5
  sinatra-contrib 2.0.5
  slow_enumerator_tools 1.1.0
  spreadsheet 1.2.6
  stringio 0.0.1
  strscan 1.0.0
  sysexits 1.2.0
  t 3.1.0
  temple 0.8.0
  terminal-table 1.8.0
  terrapin 0.6.0
  test-unit 3.2.7
  thor 0.20.0, 0.20.3
  thread_safe 0.3.6
  tiff 0.1
  tilt 2.0.9
  tomlrb 1.2.8
  transmission-ng 1.0.10
  travis 1.10.0
  tty-color 0.5.0
  tty-command 0.8.2
  tty-platform 0.2.1
  tty-which 0.4.1
  twitter 6.2.0
  typhoeus 1.3.1, 1.4.0
  typogruby 1.0.18
  tzinfo 1.2.5, 1.2.6, 1.2.7, 1.2.9
  unf 0.1.4
  unf_ext 0.0.7.5, 0.0.7.7
  unicode-display_width 1.4.0, 1.4.1, 1.5.0, 1.6.0, 1.6.1, 1.7.0
  w3c_validators 1.3.4
  webrick 1.4.2, 1.7.0
  webrobots 0.1.2
  websocket 1.2.8
  xmlrpc 0.3.0
  zeitwerk 2.1.10, 2.2.2, 2.3.0, 2.4.0, 2.4.2
  zlib 1.0.0

===== LOAD PATHS:

  0. /home/dmitry/.rvm/gems/ruby-2.5.3/gems/ref-2.0.0/lib
  1. /home/dmitry/.rvm/gems/ruby-2.5.3@global/gems/did_you_mean-1.2.0/lib
  2. /home/dmitry/.rvm/gems/ruby-2.5.3@global/gems/executable-hooks-1.6.0/lib
  3. /home/dmitry/.rvm/gems/ruby-2.5.3@global/extensions/x86_64-linux/2.5.0/executable-hooks-1.6.0
  4. /home/dmitry/.rvm/gems/ruby-2.5.3@global/gems/bundler-unload-1.0.2/lib
  5. /home/dmitry/.rvm/gems/ruby-2.5.3@global/gems/rubygems-bundler-1.4.5/lib
  6. /home/dmitry/.rvm/gems/ruby-2.5.3/gems/colored-1.2/lib
  7. /home/dmitry/.rvm/gems/ruby-2.5.3/gems/nanoc-checking-1.0.0/lib
  8. /home/dmitry/.rvm/gems/ruby-2.5.3/gems/cri-2.15.3/lib
  9. /home/dmitry/.rvm/gems/ruby-2.5.3/gems/diff-lcs-1.3/lib
  10. /home/dmitry/.rvm/gems/ruby-2.5.3/gems/ddmetrics-1.0.1/lib
  11. /home/dmitry/.rvm/gems/ruby-2.5.3/gems/ref-2.0.0/lib
  12. /home/dmitry/.rvm/gems/ruby-2.5.3/gems/ddmemoize-1.0.0/lib
  13. /home/dmitry/.rvm/gems/ruby-2.5.3/gems/ddplugin-1.0.2/lib
  14. /home/dmitry/.rvm/gems/ruby-2.5.3/gems/hamster-3.0.0/lib
  15. /home/dmitry/.rvm/gems/ruby-2.5.3/gems/json_schema-0.20.1/lib
  16. /home/dmitry/.rvm/gems/ruby-2.5.3/gems/slow_enumerator_tools-1.1.0/lib
  17. /home/dmitry/.rvm/gems/ruby-2.5.3/gems/tty-platform-0.2.1/lib
  18. /home/dmitry/.rvm/gems/ruby-2.5.3/gems/nanoc-core-4.12.1/lib
  19. /home/dmitry/.rvm/gems/ruby-2.5.3/gems/nanoc-cli-4.12.1/lib
  20. /home/dmitry/.rvm/gems/ruby-2.5.3/gems/nanoc-deploying-1.0.0/lib
  21. /home/dmitry/.rvm/gems/ruby-2.5.3/gems/parallel-1.13.0/lib
  22. /home/dmitry/.rvm/gems/ruby-2.5.3/gems/equatable-0.6.1/lib
  23. /home/dmitry/.rvm/gems/ruby-2.5.3/gems/tty-color-0.5.0/lib
  24. /home/dmitry/.rvm/gems/ruby-2.5.3/gems/pastel-0.7.3/lib
  25. /home/dmitry/.rvm/gems/ruby-2.5.3/gems/tty-command-0.8.2/lib
  26. /home/dmitry/.rvm/gems/ruby-2.5.3/gems/tty-which-0.4.1/lib
  27. /home/dmitry/.rvm/gems/ruby-2.5.3/gems/nanoc-4.12.1/lib
  28. /home/dmitry/.rvm/gems/ruby-2.5.3/gems/public_suffix-4.0.6/lib
  29. /home/dmitry/.rvm/gems/ruby-2.5.3/gems/addressable-2.7.0/lib
  30. /home/dmitry/.rvm/gems/ruby-2.5.3/gems/concurrent-ruby-1.1.8/lib/concurrent-ruby
  31. /home/dmitry/.rvm/gems/ruby-2.5.3/gems/zeitwerk-2.4.2/lib
  32. /home/dmitry/.rvm/gems/ruby-2.5.3/gems/json-2.2.0/lib
  33. /home/dmitry/.rvm/gems/ruby-2.5.3/extensions/x86_64-linux/2.5.0/json-2.2.0
  34. /home/dmitry/.rvm/gems/ruby-2.5.3/gems/rexml-3.2.4/lib
  35. /home/dmitry/.rvm/gems/ruby-2.5.3/gems/kramdown-2.3.1/lib
  36. /home/dmitry/.rvm/gems/ruby-2.5.3/gems/rouge-3.26.0/lib
  37. /home/dmitry/.rvm/gems/ruby-2.5.3/gems/temple-0.8.0/lib
  38. /home/dmitry/.rvm/gems/ruby-2.5.3/gems/tilt-2.0.9/lib
  39. /home/dmitry/.rvm/gems/ruby-2.5.3/gems/haml-5.0.4/lib
  40. /home/dmitry/.rvm/gems/ruby-2.5.3/gems/rubypants-0.7.0/lib
  41. /home/dmitry/.rvm/gems/ruby-2.5.3/gems/typogruby-1.0.18/lib
  42. /home/dmitry/.rvm/gems/ruby-2.5.3/gems/builder-3.2.3/lib
  43. /home/dmitry/.rvm/rubies/ruby-2.5.3/lib64/ruby/site_ruby/2.5.0
  44. /home/dmitry/.rvm/rubies/ruby-2.5.3/lib64/ruby/site_ruby/2.5.0/x86_64-linux
  45. /home/dmitry/.rvm/rubies/ruby-2.5.3/lib64/ruby/site_ruby
  46. /home/dmitry/.rvm/rubies/ruby-2.5.3/lib64/ruby/vendor_ruby/2.5.0
  47. /home/dmitry/.rvm/rubies/ruby-2.5.3/lib64/ruby/vendor_ruby/2.5.0/x86_64-linux
  48. /home/dmitry/.rvm/rubies/ruby-2.5.3/lib64/ruby/vendor_ruby
  49. /home/dmitry/.rvm/rubies/ruby-2.5.3/lib64/ruby/2.5.0
  50. /home/dmitry/.rvm/rubies/ruby-2.5.3/lib64/ruby/2.5.0/x86_64-linux
